Arguments: 
  /usr/local/bin/node /usr/local/bin/yarn run dev-server

PATH: 
  /usr/local/bin:/usr/bin:/bin:/usr/sbin:/sbin:/Applications/VMware Fusion.app/Contents/Public:/usr/local/go/bin:/Users/ljj/opt/anaconda3/bin:/Users/ljj/opt/anaconda3/condabin

Yarn version: 
  1.21.1

Node version: 
  8.16.2

Platform: 
  darwin x64

Trace: 
  SyntaxError: /Users/ljj/Documents/OneDrive - University of Florida/0 courses/react-course-projects/indecision-app/package.json: Unexpected token / in JSON at position 241
      at JSON.parse (<anonymous>)
      at /usr/local/lib/node_modules/yarn/lib/cli.js:1625:59
      at Generator.next (<anonymous>)
      at step (/usr/local/lib/node_modules/yarn/lib/cli.js:310:30)
      at /usr/local/lib/node_modules/yarn/lib/cli.js:321:13
      at <anonymous>

npm manifest: 
  {
    "name": "indecision-app",
    "version": "1.0.0",
    "main": "index.js",
    "author": "Jiajing Liao",
    "license": "MIT",
    "scripts": {
      "server": "live-server public",
      "build": "webpack",
      "dev-server": "webpack-dev-server",
      // "build-babel": "babel src/app.js --out-file=public/scripts/app.js --presets=env,react --watch",
      "test": "echo \"Error: no test specified\" && exit 1"
    },
    "description": "",
    "dependencies": {
      "babel-cli": "^6.24.1",
      "babel-core": "^6.25.0",
      "babel-loader": "^7.1.1",
      "babel-preset-env": "^1.5.2",
      "babel-preset-react": "^6.24.1",
      "live-server": "^1.2.1",
      "react": "^16.0.0",
      "react-dom": "^16.0.0",
      "validator": "^8.0.0",
      "webpack": "^3.1.0",
      "webpack-dev-server": "^2.5.1"
    }
  }

yarn manifest: 
  No manifest

Lockfile: 
  No lockfile
